<?xml version="1.0" encoding="UTF-8"?>
<!-- Generated by org.testng.reporters.JUnitXMLReporter -->
<testsuite hostname="YY172619" ignored="0" name="Test with Chrome Browser" tests="4" failures="0" timestamp="26 Jul 2019 07:12:42 GMT" time="28.988" errors="0">
  <testcase name="test-The Shawshank Redemption" time="8.96" classname="testRunner.TestRunner"/>
  <testcase name="test-Raging Bull" time="9.711" classname="testRunner.TestRunner"/>
  <testcase name="test-Schindler&#039;s List" time="10.074" classname="testRunner.TestRunner"/>
  <testcase name="test-The Godfather" time="10.49" classname="testRunner.TestRunner"/>
</testsuite> <!-- Test with Chrome Browser -->
